[INFO ] 2023-07-23 00:01:38,076 BaseClass.user_sets_authorization_to_no_auth() - Authorization is set as No Auth
[INFO ] 2023-07-23 00:01:38,109 BaseClass.user_sets_request_for_program_module_with_valid_base_url_and_valid_request_body() - Request set for Program module with valid base URL and valid request body
[INFO ] 2023-07-23 00:01:39,209 BaseClass.user_send_post_request_with_all_data_fields_from_and() - Program Module Post Request sent with all fields 
[INFO ] 2023-07-23 00:01:39,226 BaseClass.user_gets_success_message_with_status_code_in_response_body_with_message_program_created() - Program Successfully created
[INFO ] 2023-07-23 00:01:39,273 BaseClass.user_sets_authorization_to_no_auth() - Authorization is set as No Auth
[INFO ] 2023-07-23 00:01:39,277 BaseClass.user_sets_request_for_program_module_with_valid_base_url_and_valid_request_body() - Request set for Program module with valid base URL and valid request body
[INFO ] 2023-07-23 00:01:39,601 BaseClass.user_send_post_request_with_mandatory_data_fields_from_and() - Program Module Post Request sent with mandatory fields only
[INFO ] 2023-07-23 00:01:39,603 BaseClass.user_gets_success_message_with_status_code_in_response_body_with_message_program_created() - Program Successfully created
[INFO ] 2023-07-23 00:01:39,617 BaseClass.user_sets_authorization_to_no_auth() - Authorization is set as No Auth
[INFO ] 2023-07-23 00:01:39,619 BaseClass.user_sets_request_for_program_module_with_invalid_base_url_and_valid_request_body() - Request set for Program module with invalid base URL and valid data
[INFO ] 2023-07-23 00:01:40,047 BaseClass.user_sends_post_request_with_invalid_url_and_valid_data_from_and_row_number() - Valid request body sent
[INFO ] 2023-07-23 00:01:40,050 BaseClass.user_gets_bad_request_error_message_with_status_code_in_response_body_with_message_invalid_url() - Bad request error message received with 404
[INFO ] 2023-07-23 00:01:40,064 BaseClass.user_sets_authorization_to_no_auth() - Authorization is set as No Auth
[INFO ] 2023-07-23 00:01:40,065 BaseClass.user_sets_request_for_program_module_with_valid_base_url_and_blank_paramertes_in_request_body() - Request set for Program module with valid base URL and valid data
[INFO ] 2023-07-23 00:01:40,313 BaseClass.user_gets_bad_request_error_message_with_status_code_in_response_body_with_message_enter_mandatory_fields() - Bad request error message received with 400
[INFO ] 2023-07-23 00:01:40,325 BaseClass.user_sets_authorization_to_no_auth() - Authorization is set as No Auth
[INFO ] 2023-07-23 00:01:40,326 BaseClass.user_sets_request_for_program_module_with_valid_base_url_and_blank_paramertes_in_request_body() - Request set for Program module with valid base URL and valid data
[INFO ] 2023-07-23 00:01:40,565 BaseClass.user_gets_bad_request_error_message_with_status_code_in_response_body_with_message_enter_mandatory_fields() - Bad request error message received with 400
[INFO ] 2023-07-23 00:01:40,577 BaseClass.user_sets_authorization_to_no_auth() - Authorization is set as No Auth
[INFO ] 2023-07-23 00:01:40,578 BaseClass.user_sets_request_for_program_module_with_valid_base_url_and_blank_value_in_program_name_field() - Request for Program module with valid base URL and Blank value in programName field
[INFO ] 2023-07-23 00:01:40,878 BaseClass.user_sends_post_request_with_blank_values_in_program_name_field_in_request_body_from_and_rownumber() - Request sent for Program module: Post with Null Values in Program Name
[INFO ] 2023-07-23 00:01:40,882 BaseClass.user_gets_bad_request_error_message_with_status_code_in_response_body_with_message_enter_mandatory_fields() - Bad request error message received with 400
[INFO ] 2023-07-23 00:01:40,890 BaseClass.user_sets_authorization_to_no_auth() - Authorization is set as No Auth
[INFO ] 2023-07-23 00:01:40,892 BaseClass.user_sets_request_for_program_module_with_valid_base_url_and_blank_value_in_program_description_field() - Request for Program module with valid base URL and Blank value in programName field
[INFO ] 2023-07-23 00:01:41,177 BaseClass.user_sends_post_request_with_blank_values_in_program_description_field_in_request_body_from_and_rownumber() - Request sent for Program module: Post with Null Values in Program Description
[INFO ] 2023-07-23 00:01:41,179 BaseClass.user_gets_success_message_with_status_code_in_response_body_with_message_program_created() - Post Request unsuccessful with status code 201
[INFO ] 2023-07-23 00:01:41,190 BaseClass.user_sets_authorization_to_no_auth() - Authorization is set as No Auth
[INFO ] 2023-07-23 00:01:41,193 BaseClass.user_sets_request_for_program_module_with_valid_base_url_and_blank_value_in_program_status_field() - Request for Program module with valid base URL and Blank value in programStatus field
[INFO ] 2023-07-23 00:01:41,495 BaseClass.user_sends_post_request_with_blank_values_in_program_status_field_in_request_body_from_and_rownumber() - Request sent for Program module: Post with Null Values in Program Status
[INFO ] 2023-07-23 00:01:41,498 BaseClass.user_gets_Internal_Server_Error_message_with_status_code_in_response_body_with_message_enter_mandatory_fields() - Bad request error message received with 500
[INFO ] 2023-07-23 00:01:41,506 BaseClass.user_sets_authorization_to_no_auth() - Authorization is set as No Auth
[INFO ] 2023-07-23 00:01:41,507 BaseClass.user_sets_request_for_program_module_with_valid_base_url_and_null_paramertes_in_request_body() - Request set for Program module with valid base URL and NULL paramertes in request body
[INFO ] 2023-07-23 00:01:41,754 BaseClass.user_gets_Internal_Server_Error_message_with_status_code_in_response_body_with_message_enter_mandatory_fields() - Bad request error message received with 500
[INFO ] 2023-07-23 00:01:41,763 BaseClass.user_sets_authorization_to_no_auth() - Authorization is set as No Auth
[INFO ] 2023-07-23 00:01:41,764 BaseClass.user_sets_request_for_program_module_with_valid_base_url_and_null_paramertes_in_request_body() - Request set for Program module with valid base URL and NULL paramertes in request body
[INFO ] 2023-07-23 00:01:42,016 BaseClass.user_gets_Internal_Server_Error_message_with_status_code_in_response_body_with_message_enter_mandatory_fields() - Bad request error message received with 500
[INFO ] 2023-07-23 00:01:42,027 BaseClass.user_sets_authorization_to_no_auth() - Authorization is set as No Auth
[INFO ] 2023-07-23 00:01:42,028 BaseClass.user_sets_request_for_program_module_with_valid_base_url_and_null_value_in_program_name_field() - Request for Program module with valid base URL and NULL paramertes in request body
[INFO ] 2023-07-23 00:01:42,299 BaseClass.user_sends_post_request_with_null_values_in_programName_field_in_request_body_from_and_rownumber() - Request for Program Module : Post with Null Values in Program Name
[INFO ] 2023-07-23 00:01:42,303 BaseClass.user_gets_Internal_Server_Error_message_with_status_code_in_response_body_with_message_enter_mandatory_fields() - Bad request error message received with 500
[INFO ] 2023-07-23 00:01:42,312 BaseClass.user_sets_authorization_to_no_auth() - Authorization is set as No Auth
[INFO ] 2023-07-23 00:01:42,313 BaseClass.user_sets_request_for_program_module_with_valid_base_url_and_null_value_in_program_description_field() - Request for Program module with valid base URL and NULL paramertes in request body
[INFO ] 2023-07-23 00:01:42,589 BaseClass.user_sends_post_request_with_null_values_in_program_description_field_in_request_body_from_and_rownumber() - Request for Program Module : Post with Null Values in Program Description
[INFO ] 2023-07-23 00:01:42,591 BaseClass.user_gets_success_message_with_status_code_in_response_body_with_message_program_created() - Post Request unsuccessful with status code 201
[INFO ] 2023-07-23 00:01:42,602 BaseClass.user_sets_authorization_to_no_auth() - Authorization is set as No Auth
[INFO ] 2023-07-23 00:01:42,603 BaseClass.user_sets_request_for_program_module_with_valid_base_url_and_null_value_in_program_status_field() - Request for Program module with valid base URL and NULL paramertes in request body
[INFO ] 2023-07-23 00:01:42,879 BaseClass.user_sends_post_request_with_null_values_in_program_status_field_in_request_body_from_and_rownumber() - Request for Program Module : Post with Null Values in Program Status
[INFO ] 2023-07-23 00:01:42,882 BaseClass.user_gets_Internal_Server_Error_message_with_status_code_in_response_body_with_message_enter_mandatory_fields() - Statuscode received500. Error to be reported
[INFO ] 2023-07-23 00:01:42,894 BaseClass.user_sets_authorization_to_no_auth() - Authorization is set as No Auth
[INFO ] 2023-07-23 00:01:42,895 BaseClass.user_sets_request_for_program_module_with_valid_base_url_and_without_one_mandatory_field() - Request for Program module with valid base URL and NULL paramertes in request body
[INFO ] 2023-07-23 00:01:43,172 BaseClass.user_sends_post_request_without_program_name_field_in_request_body_from_and_rownumber() - Post Request for Program Module with No Program Name 
[INFO ] 2023-07-23 00:01:43,173 BaseClass.user_gets_bad_request_error_message_with_status_code_in_response_body_with_message_enter_mandatory_fields() - Bad request error message received with 400
[INFO ] 2023-07-23 00:01:43,182 BaseClass.user_sets_authorization_to_no_auth() - Authorization is set as No Auth
[INFO ] 2023-07-23 00:01:43,183 BaseClass.user_sets_request_for_program_module_with_valid_base_url_and_without_one_mandatory_field() - Request for Program module with valid base URL and NULL paramertes in request body
[INFO ] 2023-07-23 00:01:43,471 BaseClass.user_sends_post_request_without_program_description_field_in_request_body_from_and_rownumber() - Post Request for Program Module with No Program Description 
[INFO ] 2023-07-23 00:01:43,472 BaseClass.user_gets_success_message_with_status_code_in_response_body_with_message_program_created() - Post Request unsuccessful with status code 201
[INFO ] 2023-07-23 00:01:43,488 BaseClass.user_sets_authorization_to_no_auth() - Authorization is set as No Auth
[INFO ] 2023-07-23 00:01:43,489 BaseClass.user_sets_request_for_program_module_with_valid_base_url_and_without_one_mandatory_field() - Request for Program module with valid base URL and NULL paramertes in request body
[INFO ] 2023-07-23 00:01:43,780 BaseClass.user_sends_post_request_without_program_status_field_in_request_body_from_and_rownumber() - Post Request for Program Module with No Program Status 
[INFO ] 2023-07-23 00:01:43,781 BaseClass.user_gets_bad_request_error_message_with_status_code_in_response_body_with_message_enter_mandatory_fields() - Statuscode received500. Error to be reported
